2025-05-09 11:27:04,290 - __main__ - INFO - Starting to load standards from JSON files in 'processed_standards/json'...
2025-05-09 11:27:04,290 - __main__ - INFO - Initializing ChromaDB client...
2025-05-09 11:27:04,320 - chromadb.telemetry.product.posthog - INFO - Anonymized telemetry enabled. See                     https://docs.trychroma.com/telemetry for more information.
2025-05-09 11:27:04,581 - __main__ - INFO - Loading embedding model: all-MiniLM-L6-v2
2025-05-09 11:27:04,581 - sentence_transformers.SentenceTransformer - INFO - Use pytorch device_name: cpu
2025-05-09 11:27:04,581 - sentence_transformers.SentenceTransformer - INFO - Load pretrained SentenceTransformer: all-MiniLM-L6-v2
2025-05-09 11:27:07,128 - __main__ - INFO - Getting or creating collection: aaoifi_standards_direct
2025-05-09 11:27:07,185 - __main__ - WARNING - No JSON files found in processed_standards/json
2025-05-09 11:27:07,185 - __main__ - ERROR - Failed to load data into Vector DB. Please check 'chroma_direct_load.log' for details.
2025-05-09 11:27:58,369 - __main__ - INFO - Starting to load standards from JSON files in 'processed_standards/'...
2025-05-09 11:27:58,369 - __main__ - INFO - Initializing ChromaDB client...
2025-05-09 11:27:58,413 - __main__ - INFO - Loading embedding model: all-MiniLM-L6-v2
2025-05-09 11:27:58,416 - sentence_transformers.SentenceTransformer - INFO - Use pytorch device_name: cpu
2025-05-09 11:27:58,416 - sentence_transformers.SentenceTransformer - INFO - Load pretrained SentenceTransformer: all-MiniLM-L6-v2
2025-05-09 11:28:00,175 - __main__ - INFO - Getting or creating collection: aaoifi_standards_direct
2025-05-09 11:28:00,241 - __main__ - INFO - 
--- Processing standard file: AAOIFI-19th-SB-Conf.-Arabic-Agenda-V9.json ---
2025-05-09 11:28:00,257 - __main__ - INFO - Generating embeddings for 12 chunks from AAOIFI-19th-SB-Conf.-Arabic-Agenda-V9.json...
2025-05-09 11:28:00,679 - __main__ - INFO - Adding 12 chunks from AAOIFI-19th-SB-Conf.-Arabic-Agenda-V9.json to ChromaDB...
2025-05-09 11:28:00,687 - __main__ - ERROR - Error adding chunks from AAOIFI-19th-SB-Conf.-Arabic-Agenda-V9.json to ChromaDB: Expected metadata value to be a str, int, float or bool, got [] which is a list in add.
2025-05-09 11:28:00,689 - __main__ - INFO - 
--- Processing standard file: AAOIFI-20th-SB-Conf.-Arabic-Agenda-V5LR.json ---
2025-05-09 11:28:00,697 - __main__ - INFO - Generating embeddings for 13 chunks from AAOIFI-20th-SB-Conf.-Arabic-Agenda-V5LR.json...
2025-05-09 11:28:01,004 - __main__ - INFO - Adding 13 chunks from AAOIFI-20th-SB-Conf.-Arabic-Agenda-V5LR.json to ChromaDB...
2025-05-09 11:28:01,006 - __main__ - ERROR - Error adding chunks from AAOIFI-20th-SB-Conf.-Arabic-Agenda-V5LR.json to ChromaDB: Expected metadata value to be a str, int, float or bool, got [] which is a list in add.
2025-05-09 11:28:01,008 - __main__ - INFO - 
--- Processing standard file: AAOIFI-Conceptual-Framework-for-Financial-Reporting-Revised-2020-Final-clean.json ---
2025-05-09 11:28:01,010 - __main__ - INFO - Generating embeddings for 195 chunks from AAOIFI-Conceptual-Framework-for-Financial-Reporting-Revised-2020-Final-clean.json...
2025-05-09 11:28:03,286 - __main__ - INFO - Adding 195 chunks from AAOIFI-Conceptual-Framework-for-Financial-Reporting-Revised-2020-Final-clean.json to ChromaDB...
2025-05-09 11:28:03,312 - __main__ - ERROR - Error adding chunks from AAOIFI-Conceptual-Framework-for-Financial-Reporting-Revised-2020-Final-clean.json to ChromaDB: Expected metadata value to be a str, int, float or bool, got [] which is a list in add.
2025-05-09 11:28:03,313 - __main__ - INFO - 
--- Processing standard file: AAOIFI-SB-Conf.-17-Booklet-A-Rev-5-LR.json ---
2025-05-09 11:28:03,326 - __main__ - INFO - Generating embeddings for 55 chunks from AAOIFI-SB-Conf.-17-Booklet-A-Rev-5-LR.json...
2025-05-09 11:28:05,482 - __main__ - INFO - Adding 55 chunks from AAOIFI-SB-Conf.-17-Booklet-A-Rev-5-LR.json to ChromaDB...
2025-05-09 11:28:05,491 - __main__ - ERROR - Error adding chunks from AAOIFI-SB-Conf.-17-Booklet-A-Rev-5-LR.json to ChromaDB: Expected metadata value to be a str, int, float or bool, got [] which is a list in add.
2025-05-09 11:28:05,493 - __main__ - INFO - 
--- Processing standard file: AAOIFI-SB-Conf.-17-Final-Recommendations.json ---
2025-05-09 11:28:05,504 - __main__ - INFO - Generating embeddings for 9 chunks from AAOIFI-SB-Conf.-17-Final-Recommendations.json...
2025-05-09 11:28:05,755 - __main__ - INFO - Adding 9 chunks from AAOIFI-SB-Conf.-17-Final-Recommendations.json to ChromaDB...
2025-05-09 11:28:05,757 - __main__ - ERROR - Error adding chunks from AAOIFI-SB-Conf.-17-Final-Recommendations.json to ChromaDB: Expected metadata value to be a str, int, float or bool, got [] which is a list in add.
2025-05-09 11:28:05,758 - __main__ - INFO - 
--- Processing standard file: AAOIFI-WB-Conf.-13th-Ara-AgendaFinal-2.json ---
2025-05-09 11:28:05,767 - __main__ - INFO - Generating embeddings for 67 chunks from AAOIFI-WB-Conf.-13th-Ara-AgendaFinal-2.json...
2025-05-09 11:28:07,872 - __main__ - INFO - Adding 67 chunks from AAOIFI-WB-Conf.-13th-Ara-AgendaFinal-2.json to ChromaDB...
2025-05-09 11:28:07,882 - __main__ - ERROR - Error adding chunks from AAOIFI-WB-Conf.-13th-Ara-AgendaFinal-2.json to ChromaDB: Expected metadata value to be a str, int, float or bool, got [] which is a list in add.
2025-05-09 11:28:07,882 - __main__ - INFO - 
--- Processing standard file: Conceptual-Framework-for-Financial-Reporting-by-Islamic-Financial-Institutions.json ---
2025-05-09 11:28:07,895 - __main__ - INFO - Generating embeddings for 128 chunks from Conceptual-Framework-for-Financial-Reporting-by-Islamic-Financial-Institutions.json...
2025-05-09 11:28:10,363 - __main__ - INFO - Adding 128 chunks from Conceptual-Framework-for-Financial-Reporting-by-Islamic-Financial-Institutions.json to ChromaDB...
2025-05-09 11:28:10,380 - __main__ - ERROR - Error adding chunks from Conceptual-Framework-for-Financial-Reporting-by-Islamic-Financial-Institutions.json to ChromaDB: Expected metadata value to be a str, int, float or bool, got [] which is a list in add.
2025-05-09 11:28:10,380 - __main__ - INFO - 
--- Processing standard file: FAS-1-General-Presentation-and-Disclosure-in-the-Financial-Statements-of-Islamic-Banks-and-Financial-Institutions.json ---
2025-05-09 11:28:10,395 - __main__ - INFO - Generating embeddings for 133 chunks from FAS-1-General-Presentation-and-Disclosure-in-the-Financial-Statements-of-Islamic-Banks-and-Financial-Institutions.json...
2025-05-09 11:28:12,901 - __main__ - INFO - Adding 133 chunks from FAS-1-General-Presentation-and-Disclosure-in-the-Financial-Statements-of-Islamic-Banks-and-Financial-Institutions.json to ChromaDB...
2025-05-09 11:28:12,917 - __main__ - ERROR - Error adding chunks from FAS-1-General-Presentation-and-Disclosure-in-the-Financial-Statements-of-Islamic-Banks-and-Financial-Institutions.json to ChromaDB: Expected metadata value to be a str, int, float or bool, got [] which is a list in add.
2025-05-09 11:28:12,917 - __main__ - INFO - 
--- Processing standard file: FAS-1-General-Presentation-and-Disclosures-in-the-Financial-Statements-_-v7-clean-17-October-2022.json ---
2025-05-09 11:28:12,932 - __main__ - INFO - Generating embeddings for 257 chunks from FAS-1-General-Presentation-and-Disclosures-in-the-Financial-Statements-_-v7-clean-17-October-2022.json...
2025-05-09 11:28:15,574 - __main__ - INFO - Adding 257 chunks from FAS-1-General-Presentation-and-Disclosures-in-the-Financial-Statements-_-v7-clean-17-October-2022.json to ChromaDB...
2025-05-09 11:28:15,603 - __main__ - ERROR - Error adding chunks from FAS-1-General-Presentation-and-Disclosures-in-the-Financial-Statements-_-v7-clean-17-October-2022.json to ChromaDB: Expected metadata value to be a str, int, float or bool, got [] which is a list in add.
2025-05-09 11:28:15,604 - __main__ - INFO - 
--- Processing standard file: FAS-28-Murabaha-and-Other-Deferred-Payment-Sales-Formatted-2021-clean-1.json ---
2025-05-09 11:28:15,614 - __main__ - INFO - Generating embeddings for 54 chunks from FAS-28-Murabaha-and-Other-Deferred-Payment-Sales-Formatted-2021-clean-1.json...
2025-05-09 11:28:16,312 - __main__ - INFO - Adding 54 chunks from FAS-28-Murabaha-and-Other-Deferred-Payment-Sales-Formatted-2021-clean-1.json to ChromaDB...
2025-05-09 11:28:16,320 - __main__ - ERROR - Error adding chunks from FAS-28-Murabaha-and-Other-Deferred-Payment-Sales-Formatted-2021-clean-1.json to ChromaDB: Expected metadata value to be a str, int, float or bool, got [] which is a list in add.
2025-05-09 11:28:16,320 - __main__ - INFO - 
--- Processing standard file: FAS-30-Impairment-Credit-Losses-and-Onerous-Commitments-Formatted-2021-clean-13-Nov-22-1.json ---
2025-05-09 11:28:16,333 - __main__ - INFO - Generating embeddings for 108 chunks from FAS-30-Impairment-Credit-Losses-and-Onerous-Commitments-Formatted-2021-clean-13-Nov-22-1.json...
2025-05-09 11:28:18,537 - __main__ - INFO - Adding 108 chunks from FAS-30-Impairment-Credit-Losses-and-Onerous-Commitments-Formatted-2021-clean-13-Nov-22-1.json to ChromaDB...
2025-05-09 11:28:18,551 - __main__ - ERROR - Error adding chunks from FAS-30-Impairment-Credit-Losses-and-Onerous-Commitments-Formatted-2021-clean-13-Nov-22-1.json to ChromaDB: Expected metadata value to be a str, int, float or bool, got [] which is a list in add.
2025-05-09 11:28:18,553 - __main__ - INFO - 
--- Processing standard file: FAS-31-Investment-Agency-Al-Wakala-Bi-Al-Istithmar-Final-format-2021-updated-clean-1.json ---
2025-05-09 11:28:18,567 - __main__ - INFO - Generating embeddings for 102 chunks from FAS-31-Investment-Agency-Al-Wakala-Bi-Al-Istithmar-Final-format-2021-updated-clean-1.json...
2025-05-09 11:28:20,113 - __main__ - INFO - Adding 102 chunks from FAS-31-Investment-Agency-Al-Wakala-Bi-Al-Istithmar-Final-format-2021-updated-clean-1.json to ChromaDB...
2025-05-09 11:28:20,125 - __main__ - ERROR - Error adding chunks from FAS-31-Investment-Agency-Al-Wakala-Bi-Al-Istithmar-Final-format-2021-updated-clean-1.json to ChromaDB: Expected metadata value to be a str, int, float or bool, got [] which is a list in add.
2025-05-09 11:28:20,125 - __main__ - INFO - 
--- Processing standard file: FAS-32-Ijarah-Formatted-2021-clean-April-2023-1.json ---
2025-05-09 11:28:20,136 - __main__ - INFO - Generating embeddings for 119 chunks from FAS-32-Ijarah-Formatted-2021-clean-April-2023-1.json...
2025-05-09 11:28:22,134 - __main__ - INFO - Adding 119 chunks from FAS-32-Ijarah-Formatted-2021-clean-April-2023-1.json to ChromaDB...
2025-05-09 11:28:22,148 - __main__ - ERROR - Error adding chunks from FAS-32-Ijarah-Formatted-2021-clean-April-2023-1.json to ChromaDB: Expected metadata value to be a str, int, float or bool, got [] which is a list in add.
2025-05-09 11:28:22,155 - __main__ - INFO - 
--- Processing standard file: FAS-33-Investment-in-Sukuk-Shares-and-Similar-Instrutments-formatted-clean-updated-April-2023.json ---
2025-05-09 11:28:22,215 - __main__ - INFO - Generating embeddings for 66 chunks from FAS-33-Investment-in-Sukuk-Shares-and-Similar-Instrutments-formatted-clean-updated-April-2023.json...
2025-05-09 11:28:23,209 - __main__ - INFO - Adding 66 chunks from FAS-33-Investment-in-Sukuk-Shares-and-Similar-Instrutments-formatted-clean-updated-April-2023.json to ChromaDB...
2025-05-09 11:28:23,216 - __main__ - ERROR - Error adding chunks from FAS-33-Investment-in-Sukuk-Shares-and-Similar-Instrutments-formatted-clean-updated-April-2023.json to ChromaDB: Expected metadata value to be a str, int, float or bool, got [] which is a list in add.
2025-05-09 11:28:23,217 - __main__ - INFO - 
--- Processing standard file: FAS-34-Financial-Reporting-for-Sukuk-holders-Final-Clean-updated-April-2023.json ---
2025-05-09 11:28:23,228 - __main__ - INFO - Generating embeddings for 50 chunks from FAS-34-Financial-Reporting-for-Sukuk-holders-Final-Clean-updated-April-2023.json...
2025-05-09 11:28:24,232 - __main__ - INFO - Adding 50 chunks from FAS-34-Financial-Reporting-for-Sukuk-holders-Final-Clean-updated-April-2023.json to ChromaDB...
2025-05-09 11:28:24,238 - __main__ - ERROR - Error adding chunks from FAS-34-Financial-Reporting-for-Sukuk-holders-Final-Clean-updated-April-2023.json to ChromaDB: Expected metadata value to be a str, int, float or bool, got [] which is a list in add.
2025-05-09 11:28:24,239 - __main__ - INFO - 
--- Processing standard file: FAS-35-Risk-Reserve-Finalization-Formatted-2021-clean-16-Aug-2022.json ---
2025-05-09 11:28:24,250 - __main__ - INFO - Generating embeddings for 63 chunks from FAS-35-Risk-Reserve-Finalization-Formatted-2021-clean-16-Aug-2022.json...
2025-05-09 11:28:25,189 - __main__ - INFO - Adding 63 chunks from FAS-35-Risk-Reserve-Finalization-Formatted-2021-clean-16-Aug-2022.json to ChromaDB...
2025-05-09 11:28:25,197 - __main__ - ERROR - Error adding chunks from FAS-35-Risk-Reserve-Finalization-Formatted-2021-clean-16-Aug-2022.json to ChromaDB: Expected metadata value to be a str, int, float or bool, got [] which is a list in add.
2025-05-09 11:28:25,199 - __main__ - INFO - 
--- Processing standard file: FAS-36-First-Time-Adoption-of-AAOIFI-Financial-Accounting-Standards-Final-30-Nov-20-Clean.json ---
2025-05-09 11:28:25,211 - __main__ - INFO - Generating embeddings for 40 chunks from FAS-36-First-Time-Adoption-of-AAOIFI-Financial-Accounting-Standards-Final-30-Nov-20-Clean.json...
2025-05-09 11:28:26,070 - __main__ - INFO - Adding 40 chunks from FAS-36-First-Time-Adoption-of-AAOIFI-Financial-Accounting-Standards-Final-30-Nov-20-Clean.json to ChromaDB...
2025-05-09 11:28:26,078 - __main__ - ERROR - Error adding chunks from FAS-36-First-Time-Adoption-of-AAOIFI-Financial-Accounting-Standards-Final-30-Nov-20-Clean.json to ChromaDB: Expected metadata value to be a str, int, float or bool, got [] which is a list in add.
2025-05-09 11:28:26,079 - __main__ - INFO - 
--- Processing standard file: FAS-37-Financial-reporting-by-Waqf-institutions-Final-15-December-2020-v2-clean.json ---
2025-05-09 11:28:26,111 - __main__ - INFO - Generating embeddings for 87 chunks from FAS-37-Financial-reporting-by-Waqf-institutions-Final-15-December-2020-v2-clean.json...
2025-05-09 11:28:28,716 - __main__ - INFO - Adding 87 chunks from FAS-37-Financial-reporting-by-Waqf-institutions-Final-15-December-2020-v2-clean.json to ChromaDB...
2025-05-09 11:28:28,727 - __main__ - ERROR - Error adding chunks from FAS-37-Financial-reporting-by-Waqf-institutions-Final-15-December-2020-v2-clean.json to ChromaDB: Expected metadata value to be a str, int, float or bool, got [] which is a list in add.
2025-05-09 11:28:28,727 - __main__ - INFO - 
--- Processing standard file: FAS-38-Waad-Khiyar-and-Tahawwut-Final-15-December-2020-clean.json ---
2025-05-09 11:28:28,741 - __main__ - INFO - Generating embeddings for 61 chunks from FAS-38-Waad-Khiyar-and-Tahawwut-Final-15-December-2020-clean.json...
2025-05-09 11:28:30,947 - __main__ - INFO - Adding 61 chunks from FAS-38-Waad-Khiyar-and-Tahawwut-Final-15-December-2020-clean.json to ChromaDB...
2025-05-09 11:28:30,961 - __main__ - ERROR - Error adding chunks from FAS-38-Waad-Khiyar-and-Tahawwut-Final-15-December-2020-clean.json to ChromaDB: Expected metadata value to be a str, int, float or bool, got [] which is a list in add.
2025-05-09 11:28:30,962 - __main__ - INFO - 
--- Processing standard file: FAS-39-Financial-reporting-for-Zakah-clean-june-2022.json ---
2025-05-09 11:28:30,979 - __main__ - INFO - Generating embeddings for 46 chunks from FAS-39-Financial-reporting-for-Zakah-clean-june-2022.json...
2025-05-09 11:28:34,112 - __main__ - INFO - Adding 46 chunks from FAS-39-Financial-reporting-for-Zakah-clean-june-2022.json to ChromaDB...
2025-05-09 11:28:34,122 - __main__ - ERROR - Error adding chunks from FAS-39-Financial-reporting-for-Zakah-clean-june-2022.json to ChromaDB: Expected metadata value to be a str, int, float or bool, got [] which is a list in add.
2025-05-09 11:28:34,124 - __main__ - INFO - 
--- Processing standard file: FAS-40-Financial-Reporting-for-Islamic-Windows.json ---
2025-05-09 11:28:34,149 - __main__ - INFO - Generating embeddings for 48 chunks from FAS-40-Financial-Reporting-for-Islamic-Windows.json...
2025-05-09 11:28:36,708 - __main__ - INFO - Adding 48 chunks from FAS-40-Financial-Reporting-for-Islamic-Windows.json to ChromaDB...
2025-05-09 11:28:36,721 - __main__ - ERROR - Error adding chunks from FAS-40-Financial-Reporting-for-Islamic-Windows.json to ChromaDB: Expected metadata value to be a str, int, float or bool, got [] which is a list in add.
2025-05-09 11:28:36,722 - __main__ - INFO - 
--- Processing standard file: FAS-41-Interim-Financial-Reporting-v16-final-for-issuance_clean.json ---
2025-05-09 11:28:36,745 - __main__ - INFO - Generating embeddings for 43 chunks from FAS-41-Interim-Financial-Reporting-v16-final-for-issuance_clean.json...
2025-05-09 11:28:39,275 - __main__ - INFO - Adding 43 chunks from FAS-41-Interim-Financial-Reporting-v16-final-for-issuance_clean.json to ChromaDB...
2025-05-09 11:28:39,288 - __main__ - ERROR - Error adding chunks from FAS-41-Interim-Financial-Reporting-v16-final-for-issuance_clean.json to ChromaDB: Expected metadata value to be a str, int, float or bool, got [] which is a list in add.
2025-05-09 11:28:39,290 - __main__ - INFO - 
--- Processing standard file: FAS-42-Presentation-and-Disclosures-in-the-Financial-Statements-of-Takaful-Institutions-final-clean.json ---
2025-05-09 11:28:39,320 - __main__ - INFO - Generating embeddings for 76 chunks from FAS-42-Presentation-and-Disclosures-in-the-Financial-Statements-of-Takaful-Institutions-final-clean.json...
2025-05-09 11:28:43,424 - __main__ - INFO - Adding 76 chunks from FAS-42-Presentation-and-Disclosures-in-the-Financial-Statements-of-Takaful-Institutions-final-clean.json to ChromaDB...
2025-05-09 11:28:43,438 - __main__ - ERROR - Error adding chunks from FAS-42-Presentation-and-Disclosures-in-the-Financial-Statements-of-Takaful-Institutions-final-clean.json to ChromaDB: Expected metadata value to be a str, int, float or bool, got [] which is a list in add.
2025-05-09 11:28:43,438 - __main__ - INFO - 
--- Processing standard file: FAS-43-Accounting-for-Takaful-Recognition-and-Measurement_Final_clean.json ---
2025-05-09 11:28:43,458 - __main__ - INFO - Generating embeddings for 74 chunks from FAS-43-Accounting-for-Takaful-Recognition-and-Measurement_Final_clean.json...
2025-05-09 11:28:46,993 - __main__ - INFO - Adding 74 chunks from FAS-43-Accounting-for-Takaful-Recognition-and-Measurement_Final_clean.json to ChromaDB...
2025-05-09 11:28:47,006 - __main__ - ERROR - Error adding chunks from FAS-43-Accounting-for-Takaful-Recognition-and-Measurement_Final_clean.json to ChromaDB: Expected metadata value to be a str, int, float or bool, got [] which is a list in add.
2025-05-09 11:28:47,009 - __main__ - INFO - 
--- Processing standard file: FAS-44_-Determining-Control-of-Assets-and-Business-Final.json ---
2025-05-09 11:28:47,023 - __main__ - INFO - Generating embeddings for 62 chunks from FAS-44_-Determining-Control-of-Assets-and-Business-Final.json...
2025-05-09 11:28:48,096 - __main__ - INFO - Adding 62 chunks from FAS-44_-Determining-Control-of-Assets-and-Business-Final.json to ChromaDB...
2025-05-09 11:28:48,104 - __main__ - ERROR - Error adding chunks from FAS-44_-Determining-Control-of-Assets-and-Business-Final.json to ChromaDB: Expected metadata value to be a str, int, float or bool, got [] which is a list in add.
2025-05-09 11:28:48,106 - __main__ - INFO - 
--- Processing standard file: FAS-45_Quasi-equity-Including-Investment-Accounts-Final.json ---
2025-05-09 11:28:48,119 - __main__ - INFO - Generating embeddings for 60 chunks from FAS-45_Quasi-equity-Including-Investment-Accounts-Final.json...
2025-05-09 11:28:49,444 - __main__ - INFO - Adding 60 chunks from FAS-45_Quasi-equity-Including-Investment-Accounts-Final.json to ChromaDB...
2025-05-09 11:28:49,452 - __main__ - ERROR - Error adding chunks from FAS-45_Quasi-equity-Including-Investment-Accounts-Final.json to ChromaDB: Expected metadata value to be a str, int, float or bool, got [] which is a list in add.
2025-05-09 11:28:49,454 - __main__ - INFO - 
--- Processing standard file: FAS-46_Off-Balance-Sheet-Assets-Under-Management-Final.json ---
2025-05-09 11:28:49,467 - __main__ - INFO - Generating embeddings for 52 chunks from FAS-46_Off-Balance-Sheet-Assets-Under-Management-Final.json...
2025-05-09 11:28:50,558 - __main__ - INFO - Adding 52 chunks from FAS-46_Off-Balance-Sheet-Assets-Under-Management-Final.json to ChromaDB...
2025-05-09 11:28:50,567 - __main__ - ERROR - Error adding chunks from FAS-46_Off-Balance-Sheet-Assets-Under-Management-Final.json to ChromaDB: Expected metadata value to be a str, int, float or bool, got [] which is a list in add.
2025-05-09 11:28:50,567 - __main__ - INFO - 
--- Processing standard file: FAS-47_Transfer-of-Assets-between-Investment-Pools-Final.json ---
2025-05-09 11:28:50,576 - __main__ - INFO - Generating embeddings for 36 chunks from FAS-47_Transfer-of-Assets-between-Investment-Pools-Final.json...
2025-05-09 11:28:51,364 - __main__ - INFO - Adding 36 chunks from FAS-47_Transfer-of-Assets-between-Investment-Pools-Final.json to ChromaDB...
2025-05-09 11:28:51,368 - __main__ - ERROR - Error adding chunks from FAS-47_Transfer-of-Assets-between-Investment-Pools-Final.json to ChromaDB: Expected metadata value to be a str, int, float or bool, got [] which is a list in add.
2025-05-09 11:28:51,370 - __main__ - INFO - 
--- Processing standard file: Fiancial-Accounting-Standard-No.-13-Disclosure-of-Bases-for-Determining-and-Allocating-Surplus-or-Defificit-in-Islamic-Insurance-Companies.json ---
2025-05-09 11:28:51,382 - __main__ - INFO - Generating embeddings for 76 chunks from Fiancial-Accounting-Standard-No.-13-Disclosure-of-Bases-for-Determining-and-Allocating-Surplus-or-Defificit-in-Islamic-Insurance-Companies.json...
2025-05-09 11:28:53,029 - __main__ - INFO - Adding 76 chunks from Fiancial-Accounting-Standard-No.-13-Disclosure-of-Bases-for-Determining-and-Allocating-Surplus-or-Defificit-in-Islamic-Insurance-Companies.json to ChromaDB...
2025-05-09 11:28:53,040 - __main__ - ERROR - Error adding chunks from Fiancial-Accounting-Standard-No.-13-Disclosure-of-Bases-for-Determining-and-Allocating-Surplus-or-Defificit-in-Islamic-Insurance-Companies.json to ChromaDB: Expected metadata value to be a str, int, float or bool, got [] which is a list in add.
2025-05-09 11:28:53,042 - __main__ - INFO - 
--- Processing standard file: Financial-Accounting-Standard-10-Istisnaa-and-Parallel-Istisnaa.json ---
2025-05-09 11:28:53,052 - __main__ - INFO - Generating embeddings for 77 chunks from Financial-Accounting-Standard-10-Istisnaa-and-Parallel-Istisnaa.json...
2025-05-09 11:28:54,842 - __main__ - INFO - Adding 77 chunks from Financial-Accounting-Standard-10-Istisnaa-and-Parallel-Istisnaa.json to ChromaDB...
2025-05-09 11:28:54,851 - __main__ - ERROR - Error adding chunks from Financial-Accounting-Standard-10-Istisnaa-and-Parallel-Istisnaa.json to ChromaDB: Expected metadata value to be a str, int, float or bool, got [] which is a list in add.
2025-05-09 11:28:54,853 - __main__ - INFO - 
--- Processing standard file: Financial-Accounting-Standard-12-General-Presentation-and-Disclosure-in-the-Financial-Statements-of-Islamic-Insurance-Companies.json ---
2025-05-09 11:28:54,868 - __main__ - INFO - Generating embeddings for 193 chunks from Financial-Accounting-Standard-12-General-Presentation-and-Disclosure-in-the-Financial-Statements-of-Islamic-Insurance-Companies.json...
2025-05-09 11:28:59,321 - __main__ - INFO - Adding 193 chunks from Financial-Accounting-Standard-12-General-Presentation-and-Disclosure-in-the-Financial-Statements-of-Islamic-Insurance-Companies.json to ChromaDB...
2025-05-09 11:28:59,345 - __main__ - ERROR - Error adding chunks from Financial-Accounting-Standard-12-General-Presentation-and-Disclosure-in-the-Financial-Statements-of-Islamic-Insurance-Companies.json to ChromaDB: Expected metadata value to be a str, int, float or bool, got [] which is a list in add.
2025-05-09 11:28:59,346 - __main__ - INFO - 
--- Processing standard file: Financial-Accounting-Standard-14-Investment-Funds.json ---
2025-05-09 11:28:59,360 - __main__ - INFO - Generating embeddings for 126 chunks from Financial-Accounting-Standard-14-Investment-Funds.json...
2025-05-09 11:29:02,260 - __main__ - INFO - Adding 126 chunks from Financial-Accounting-Standard-14-Investment-Funds.json to ChromaDB...
2025-05-09 11:29:02,276 - __main__ - ERROR - Error adding chunks from Financial-Accounting-Standard-14-Investment-Funds.json to ChromaDB: Expected metadata value to be a str, int, float or bool, got [] which is a list in add.
2025-05-09 11:29:02,278 - __main__ - INFO - 
--- Processing standard file: Financial-Accounting-Standard-15-Provisions-and-Reserves-in-Islamic-Insurance-Companies.json ---
2025-05-09 11:29:02,290 - __main__ - INFO - Generating embeddings for 80 chunks from Financial-Accounting-Standard-15-Provisions-and-Reserves-in-Islamic-Insurance-Companies.json...
2025-05-09 11:29:04,534 - __main__ - INFO - Adding 80 chunks from Financial-Accounting-Standard-15-Provisions-and-Reserves-in-Islamic-Insurance-Companies.json to ChromaDB...
2025-05-09 11:29:04,544 - __main__ - ERROR - Error adding chunks from Financial-Accounting-Standard-15-Provisions-and-Reserves-in-Islamic-Insurance-Companies.json to ChromaDB: Expected metadata value to be a str, int, float or bool, got [] which is a list in add.
2025-05-09 11:29:04,546 - __main__ - INFO - 
--- Processing standard file: Financial-Accounting-Standard-16-Foreign-Currency-Transactions-and-Foreign-Operations.json ---
2025-05-09 11:29:04,559 - __main__ - INFO - Generating embeddings for 84 chunks from Financial-Accounting-Standard-16-Foreign-Currency-Transactions-and-Foreign-Operations.json...
2025-05-09 11:29:06,280 - __main__ - INFO - Adding 84 chunks from Financial-Accounting-Standard-16-Foreign-Currency-Transactions-and-Foreign-Operations.json to ChromaDB...
2025-05-09 11:29:06,293 - __main__ - ERROR - Error adding chunks from Financial-Accounting-Standard-16-Foreign-Currency-Transactions-and-Foreign-Operations.json to ChromaDB: Expected metadata value to be a str, int, float or bool, got [] which is a list in add.
2025-05-09 11:29:06,293 - __main__ - INFO - 
--- Processing standard file: Financial-Accounting-Standard-18-Islamic-Financial-Services-Offffered-by-Conventional-Financial-Institutions.json ---
2025-05-09 11:29:06,304 - __main__ - INFO - Generating embeddings for 55 chunks from Financial-Accounting-Standard-18-Islamic-Financial-Services-Offffered-by-Conventional-Financial-Institutions.json...
2025-05-09 11:29:07,687 - __main__ - INFO - Adding 55 chunks from Financial-Accounting-Standard-18-Islamic-Financial-Services-Offffered-by-Conventional-Financial-Institutions.json to ChromaDB...
2025-05-09 11:29:07,696 - __main__ - ERROR - Error adding chunks from Financial-Accounting-Standard-18-Islamic-Financial-Services-Offffered-by-Conventional-Financial-Institutions.json to ChromaDB: Expected metadata value to be a str, int, float or bool, got [] which is a list in add.
2025-05-09 11:29:07,697 - __main__ - INFO - 
--- Processing standard file: Financial-Accounting-Standard-19-Contributions-in-Islamic-Insurance-Companies.json ---
2025-05-09 11:29:07,708 - __main__ - INFO - Generating embeddings for 62 chunks from Financial-Accounting-Standard-19-Contributions-in-Islamic-Insurance-Companies.json...
2025-05-09 11:29:09,380 - __main__ - INFO - Adding 62 chunks from Financial-Accounting-Standard-19-Contributions-in-Islamic-Insurance-Companies.json to ChromaDB...
2025-05-09 11:29:09,388 - __main__ - ERROR - Error adding chunks from Financial-Accounting-Standard-19-Contributions-in-Islamic-Insurance-Companies.json to ChromaDB: Expected metadata value to be a str, int, float or bool, got [] which is a list in add.
2025-05-09 11:29:09,390 - __main__ - INFO - 
--- Processing standard file: Financial-Accounting-Standard-21-Disclosure-on-Transfer-of-Assets.json ---
2025-05-09 11:29:09,402 - __main__ - INFO - Generating embeddings for 54 chunks from Financial-Accounting-Standard-21-Disclosure-on-Transfer-of-Assets.json...
2025-05-09 11:29:10,432 - __main__ - INFO - Adding 54 chunks from Financial-Accounting-Standard-21-Disclosure-on-Transfer-of-Assets.json to ChromaDB...
2025-05-09 11:29:10,440 - __main__ - ERROR - Error adding chunks from Financial-Accounting-Standard-21-Disclosure-on-Transfer-of-Assets.json to ChromaDB: Expected metadata value to be a str, int, float or bool, got [] which is a list in add.
2025-05-09 11:29:10,440 - __main__ - INFO - 
--- Processing standard file: Financial-Accounting-Standard-22-Segment-Reporting.json ---
2025-05-09 11:29:10,454 - __main__ - INFO - Generating embeddings for 70 chunks from Financial-Accounting-Standard-22-Segment-Reporting.json...
2025-05-09 11:29:11,861 - __main__ - INFO - Adding 70 chunks from Financial-Accounting-Standard-22-Segment-Reporting.json to ChromaDB...
2025-05-09 11:29:11,871 - __main__ - ERROR - Error adding chunks from Financial-Accounting-Standard-22-Segment-Reporting.json to ChromaDB: Expected metadata value to be a str, int, float or bool, got [] which is a list in add.
2025-05-09 11:29:11,873 - __main__ - INFO - 
--- Processing standard file: Financial-Accounting-Standard-23-Consolidation.json ---
2025-05-09 11:29:11,883 - __main__ - INFO - Generating embeddings for 60 chunks from Financial-Accounting-Standard-23-Consolidation.json...
2025-05-09 11:29:13,026 - __main__ - INFO - Adding 60 chunks from Financial-Accounting-Standard-23-Consolidation.json to ChromaDB...
2025-05-09 11:29:13,036 - __main__ - ERROR - Error adding chunks from Financial-Accounting-Standard-23-Consolidation.json to ChromaDB: Expected metadata value to be a str, int, float or bool, got [] which is a list in add.
2025-05-09 11:29:13,038 - __main__ - INFO - 
--- Processing standard file: Financial-Accounting-Standard-24-Investments-in-Associates.json ---
2025-05-09 11:29:13,049 - __main__ - INFO - Generating embeddings for 61 chunks from Financial-Accounting-Standard-24-Investments-in-Associates.json...
2025-05-09 11:29:14,358 - __main__ - INFO - Adding 61 chunks from Financial-Accounting-Standard-24-Investments-in-Associates.json to ChromaDB...
2025-05-09 11:29:14,366 - __main__ - ERROR - Error adding chunks from Financial-Accounting-Standard-24-Investments-in-Associates.json to ChromaDB: Expected metadata value to be a str, int, float or bool, got [] which is a list in add.
2025-05-09 11:29:14,368 - __main__ - INFO - 
--- Processing standard file: Financial-Accounting-Standard-25-Investment-in-Sukuk-Shares-and-Similar-Instruments.json ---
2025-05-09 11:29:14,380 - __main__ - INFO - Generating embeddings for 86 chunks from Financial-Accounting-Standard-25-Investment-in-Sukuk-Shares-and-Similar-Instruments.json...
2025-05-09 11:29:16,534 - __main__ - INFO - Adding 86 chunks from Financial-Accounting-Standard-25-Investment-in-Sukuk-Shares-and-Similar-Instruments.json to ChromaDB...
2025-05-09 11:29:16,544 - __main__ - ERROR - Error adding chunks from Financial-Accounting-Standard-25-Investment-in-Sukuk-Shares-and-Similar-Instruments.json to ChromaDB: Expected metadata value to be a str, int, float or bool, got [] which is a list in add.
2025-05-09 11:29:16,544 - __main__ - INFO - 
--- Processing standard file: Financial-Accounting-Standard-26-Investment-in-Real-Estate.json ---
2025-05-09 11:29:16,558 - __main__ - INFO - Generating embeddings for 128 chunks from Financial-Accounting-Standard-26-Investment-in-Real-Estate.json...
2025-05-09 11:29:19,987 - __main__ - INFO - Adding 128 chunks from Financial-Accounting-Standard-26-Investment-in-Real-Estate.json to ChromaDB...
2025-05-09 11:29:20,004 - __main__ - ERROR - Error adding chunks from Financial-Accounting-Standard-26-Investment-in-Real-Estate.json to ChromaDB: Expected metadata value to be a str, int, float or bool, got [] which is a list in add.
2025-05-09 11:29:20,006 - __main__ - INFO - 
--- Processing standard file: Financial-Accounting-Standard-27-Investment-accounts.json ---
2025-05-09 11:29:20,020 - __main__ - INFO - Generating embeddings for 73 chunks from Financial-Accounting-Standard-27-Investment-accounts.json...
2025-05-09 11:29:21,688 - __main__ - INFO - Adding 73 chunks from Financial-Accounting-Standard-27-Investment-accounts.json to ChromaDB...
2025-05-09 11:29:21,700 - __main__ - ERROR - Error adding chunks from Financial-Accounting-Standard-27-Investment-accounts.json to ChromaDB: Expected metadata value to be a str, int, float or bool, got [] which is a list in add.
2025-05-09 11:29:21,701 - __main__ - INFO - 
--- Processing standard file: Financial-Accounting-Standard-3-Mudaraba-Financing.json ---
2025-05-09 11:29:21,713 - __main__ - INFO - Generating embeddings for 108 chunks from Financial-Accounting-Standard-3-Mudaraba-Financing.json...
2025-05-09 11:29:24,059 - __main__ - INFO - Adding 108 chunks from Financial-Accounting-Standard-3-Mudaraba-Financing.json to ChromaDB...
2025-05-09 11:29:24,074 - __main__ - ERROR - Error adding chunks from Financial-Accounting-Standard-3-Mudaraba-Financing.json to ChromaDB: Expected metadata value to be a str, int, float or bool, got [] which is a list in add.
2025-05-09 11:29:24,075 - __main__ - INFO - 
--- Processing standard file: Financial-Accounting-Standard-4-Musharaka-Financing.json ---
2025-05-09 11:29:24,088 - __main__ - INFO - Generating embeddings for 79 chunks from Financial-Accounting-Standard-4-Musharaka-Financing.json...
2025-05-09 11:29:26,205 - __main__ - INFO - Adding 79 chunks from Financial-Accounting-Standard-4-Musharaka-Financing.json to ChromaDB...
2025-05-09 11:29:26,217 - __main__ - ERROR - Error adding chunks from Financial-Accounting-Standard-4-Musharaka-Financing.json to ChromaDB: Expected metadata value to be a str, int, float or bool, got [] which is a list in add.
2025-05-09 11:29:26,219 - __main__ - INFO - 
--- Processing standard file: Financial-Accounting-Standard-7-Salam-and-Parallel-Salam.json ---
2025-05-09 11:29:26,242 - __main__ - INFO - Generating embeddings for 97 chunks from Financial-Accounting-Standard-7-Salam-and-Parallel-Salam.json...
2025-05-09 11:29:29,050 - __main__ - INFO - Adding 97 chunks from Financial-Accounting-Standard-7-Salam-and-Parallel-Salam.json to ChromaDB...
2025-05-09 11:29:29,062 - __main__ - ERROR - Error adding chunks from Financial-Accounting-Standard-7-Salam-and-Parallel-Salam.json to ChromaDB: Expected metadata value to be a str, int, float or bool, got [] which is a list in add.
2025-05-09 11:29:29,062 - __main__ - INFO - 
--- Processing standard file: Financial-Accounting-Standard-9-Zakah.json ---
2025-05-09 11:29:29,079 - __main__ - INFO - Generating embeddings for 50 chunks from Financial-Accounting-Standard-9-Zakah.json...
2025-05-09 11:29:31,060 - __main__ - INFO - Adding 50 chunks from Financial-Accounting-Standard-9-Zakah.json to ChromaDB...
2025-05-09 11:29:31,068 - __main__ - ERROR - Error adding chunks from Financial-Accounting-Standard-9-Zakah.json to ChromaDB: Expected metadata value to be a str, int, float or bool, got [] which is a list in add.
2025-05-09 11:29:31,070 - __main__ - INFO - 
--- Processing standard file: Research-papers-1.json ---
2025-05-09 11:29:31,086 - __main__ - INFO - Generating embeddings for 35 chunks from Research-papers-1.json...
2025-05-09 11:29:34,147 - __main__ - INFO - Starting to load standards from JSON files in 'processed_standards/'...
2025-05-09 11:29:34,147 - __main__ - INFO - Initializing ChromaDB client...
2025-05-09 11:29:34,284 - __main__ - INFO - Loading embedding model: all-MiniLM-L6-v2
2025-05-09 11:29:34,284 - sentence_transformers.SentenceTransformer - INFO - Use pytorch device_name: cpu
2025-05-09 11:29:34,284 - sentence_transformers.SentenceTransformer - INFO - Load pretrained SentenceTransformer: all-MiniLM-L6-v2
2025-05-09 11:29:36,183 - __main__ - INFO - Getting or creating collection: aaoifi_standards_direct
2025-05-09 11:29:36,251 - __main__ - INFO - 
--- Processing standard file: AAOIFI-19th-SB-Conf.-Arabic-Agenda-V9.json ---
2025-05-09 11:29:36,253 - __main__ - INFO - Generating embeddings for 12 chunks from AAOIFI-19th-SB-Conf.-Arabic-Agenda-V9.json...
2025-05-09 11:29:36,541 - __main__ - INFO - Adding 12 chunks from AAOIFI-19th-SB-Conf.-Arabic-Agenda-V9.json to ChromaDB...
2025-05-09 11:29:36,543 - __main__ - ERROR - Error adding chunks from AAOIFI-19th-SB-Conf.-Arabic-Agenda-V9.json to ChromaDB: Expected metadata value to be a str, int, float or bool, got [] which is a list in add.
2025-05-09 11:29:36,543 - __main__ - INFO - 
--- Processing standard file: AAOIFI-20th-SB-Conf.-Arabic-Agenda-V5LR.json ---
2025-05-09 11:29:36,545 - __main__ - INFO - Generating embeddings for 13 chunks from AAOIFI-20th-SB-Conf.-Arabic-Agenda-V5LR.json...
2025-05-09 11:29:36,857 - __main__ - INFO - Adding 13 chunks from AAOIFI-20th-SB-Conf.-Arabic-Agenda-V5LR.json to ChromaDB...
2025-05-09 11:29:36,859 - __main__ - ERROR - Error adding chunks from AAOIFI-20th-SB-Conf.-Arabic-Agenda-V5LR.json to ChromaDB: Expected metadata value to be a str, int, float or bool, got [] which is a list in add.
2025-05-09 11:29:36,859 - __main__ - INFO - 
--- Processing standard file: AAOIFI-Conceptual-Framework-for-Financial-Reporting-Revised-2020-Final-clean.json ---
2025-05-09 11:29:36,861 - __main__ - INFO - Generating embeddings for 195 chunks from AAOIFI-Conceptual-Framework-for-Financial-Reporting-Revised-2020-Final-clean.json...
2025-05-09 11:29:39,000 - __main__ - INFO - Adding 195 chunks from AAOIFI-Conceptual-Framework-for-Financial-Reporting-Revised-2020-Final-clean.json to ChromaDB...
2025-05-09 11:29:39,024 - __main__ - ERROR - Error adding chunks from AAOIFI-Conceptual-Framework-for-Financial-Reporting-Revised-2020-Final-clean.json to ChromaDB: Expected metadata value to be a str, int, float or bool, got [] which is a list in add.
2025-05-09 11:29:39,026 - __main__ - INFO - 
--- Processing standard file: AAOIFI-SB-Conf.-17-Booklet-A-Rev-5-LR.json ---
2025-05-09 11:29:39,027 - __main__ - INFO - Generating embeddings for 55 chunks from AAOIFI-SB-Conf.-17-Booklet-A-Rev-5-LR.json...
2025-05-09 11:29:40,375 - __main__ - INFO - Adding 55 chunks from AAOIFI-SB-Conf.-17-Booklet-A-Rev-5-LR.json to ChromaDB...
2025-05-09 11:29:40,383 - __main__ - ERROR - Error adding chunks from AAOIFI-SB-Conf.-17-Booklet-A-Rev-5-LR.json to ChromaDB: Expected metadata value to be a str, int, float or bool, got [] which is a list in add.
2025-05-09 11:29:40,384 - __main__ - INFO - 
--- Processing standard file: AAOIFI-SB-Conf.-17-Final-Recommendations.json ---
2025-05-09 11:29:40,385 - __main__ - INFO - Generating embeddings for 9 chunks from AAOIFI-SB-Conf.-17-Final-Recommendations.json...
2025-05-09 11:29:40,613 - __main__ - INFO - Adding 9 chunks from AAOIFI-SB-Conf.-17-Final-Recommendations.json to ChromaDB...
2025-05-09 11:29:40,617 - __main__ - ERROR - Error adding chunks from AAOIFI-SB-Conf.-17-Final-Recommendations.json to ChromaDB: Expected metadata value to be a str, int, float or bool, got [] which is a list in add.
2025-05-09 11:29:40,618 - __main__ - INFO - 
--- Processing standard file: AAOIFI-WB-Conf.-13th-Ara-AgendaFinal-2.json ---
2025-05-09 11:29:40,619 - __main__ - INFO - Generating embeddings for 67 chunks from AAOIFI-WB-Conf.-13th-Ara-AgendaFinal-2.json...
2025-05-09 11:29:42,220 - __main__ - INFO - Adding 67 chunks from AAOIFI-WB-Conf.-13th-Ara-AgendaFinal-2.json to ChromaDB...
2025-05-09 11:29:42,228 - __main__ - ERROR - Error adding chunks from AAOIFI-WB-Conf.-13th-Ara-AgendaFinal-2.json to ChromaDB: Expected metadata value to be a str, int, float or bool, got [] which is a list in add.
2025-05-09 11:29:42,230 - __main__ - INFO - 
--- Processing standard file: Conceptual-Framework-for-Financial-Reporting-by-Islamic-Financial-Institutions.json ---
2025-05-09 11:29:42,233 - __main__ - INFO - Generating embeddings for 128 chunks from Conceptual-Framework-for-Financial-Reporting-by-Islamic-Financial-Institutions.json...
2025-05-09 11:29:44,505 - __main__ - INFO - Adding 128 chunks from Conceptual-Framework-for-Financial-Reporting-by-Islamic-Financial-Institutions.json to ChromaDB...
2025-05-09 11:29:44,521 - __main__ - ERROR - Error adding chunks from Conceptual-Framework-for-Financial-Reporting-by-Islamic-Financial-Institutions.json to ChromaDB: Expected metadata value to be a str, int, float or bool, got [] which is a list in add.
2025-05-09 11:29:44,522 - __main__ - INFO - 
--- Processing standard file: FAS-1-General-Presentation-and-Disclosure-in-the-Financial-Statements-of-Islamic-Banks-and-Financial-Institutions.json ---
2025-05-09 11:29:44,527 - __main__ - INFO - Generating embeddings for 133 chunks from FAS-1-General-Presentation-and-Disclosure-in-the-Financial-Statements-of-Islamic-Banks-and-Financial-Institutions.json...
2025-05-09 11:29:47,302 - __main__ - INFO - Adding 133 chunks from FAS-1-General-Presentation-and-Disclosure-in-the-Financial-Statements-of-Islamic-Banks-and-Financial-Institutions.json to ChromaDB...
2025-05-09 11:29:47,319 - __main__ - ERROR - Error adding chunks from FAS-1-General-Presentation-and-Disclosure-in-the-Financial-Statements-of-Islamic-Banks-and-Financial-Institutions.json to ChromaDB: Expected metadata value to be a str, int, float or bool, got [] which is a list in add.
2025-05-09 11:29:47,319 - __main__ - INFO - 
--- Processing standard file: FAS-1-General-Presentation-and-Disclosures-in-the-Financial-Statements-_-v7-clean-17-October-2022.json ---
2025-05-09 11:29:47,325 - __main__ - INFO - Generating embeddings for 257 chunks from FAS-1-General-Presentation-and-Disclosures-in-the-Financial-Statements-_-v7-clean-17-October-2022.json...
2025-05-09 11:29:50,157 - __main__ - INFO - Adding 257 chunks from FAS-1-General-Presentation-and-Disclosures-in-the-Financial-Statements-_-v7-clean-17-October-2022.json to ChromaDB...
2025-05-09 11:29:50,187 - __main__ - ERROR - Error adding chunks from FAS-1-General-Presentation-and-Disclosures-in-the-Financial-Statements-_-v7-clean-17-October-2022.json to ChromaDB: Expected metadata value to be a str, int, float or bool, got [] which is a list in add.
2025-05-09 11:29:50,187 - __main__ - INFO - 
--- Processing standard file: FAS-28-Murabaha-and-Other-Deferred-Payment-Sales-Formatted-2021-clean-1.json ---
2025-05-09 11:29:50,189 - __main__ - INFO - Generating embeddings for 54 chunks from FAS-28-Murabaha-and-Other-Deferred-Payment-Sales-Formatted-2021-clean-1.json...
2025-05-09 11:29:50,961 - __main__ - INFO - Adding 54 chunks from FAS-28-Murabaha-and-Other-Deferred-Payment-Sales-Formatted-2021-clean-1.json to ChromaDB...
2025-05-09 11:29:50,968 - __main__ - ERROR - Error adding chunks from FAS-28-Murabaha-and-Other-Deferred-Payment-Sales-Formatted-2021-clean-1.json to ChromaDB: Expected metadata value to be a str, int, float or bool, got [] which is a list in add.
2025-05-09 11:29:50,970 - __main__ - INFO - 
--- Processing standard file: FAS-30-Impairment-Credit-Losses-and-Onerous-Commitments-Formatted-2021-clean-13-Nov-22-1.json ---
2025-05-09 11:29:50,972 - __main__ - INFO - Generating embeddings for 108 chunks from FAS-30-Impairment-Credit-Losses-and-Onerous-Commitments-Formatted-2021-clean-13-Nov-22-1.json...
2025-05-09 11:29:52,691 - __main__ - INFO - Adding 108 chunks from FAS-30-Impairment-Credit-Losses-and-Onerous-Commitments-Formatted-2021-clean-13-Nov-22-1.json to ChromaDB...
2025-05-09 11:29:52,705 - __main__ - ERROR - Error adding chunks from FAS-30-Impairment-Credit-Losses-and-Onerous-Commitments-Formatted-2021-clean-13-Nov-22-1.json to ChromaDB: Expected metadata value to be a str, int, float or bool, got [] which is a list in add.
2025-05-09 11:29:52,705 - __main__ - INFO - 
--- Processing standard file: FAS-31-Investment-Agency-Al-Wakala-Bi-Al-Istithmar-Final-format-2021-updated-clean-1.json ---
2025-05-09 11:29:52,710 - __main__ - INFO - Generating embeddings for 102 chunks from FAS-31-Investment-Agency-Al-Wakala-Bi-Al-Istithmar-Final-format-2021-updated-clean-1.json...
2025-05-09 11:29:54,310 - __main__ - INFO - Adding 102 chunks from FAS-31-Investment-Agency-Al-Wakala-Bi-Al-Istithmar-Final-format-2021-updated-clean-1.json to ChromaDB...
2025-05-09 11:29:54,321 - __main__ - ERROR - Error adding chunks from FAS-31-Investment-Agency-Al-Wakala-Bi-Al-Istithmar-Final-format-2021-updated-clean-1.json to ChromaDB: Expected metadata value to be a str, int, float or bool, got [] which is a list in add.
2025-05-09 11:29:54,322 - __main__ - INFO - 
--- Processing standard file: FAS-32-Ijarah-Formatted-2021-clean-April-2023-1.json ---
2025-05-09 11:29:54,325 - __main__ - INFO - Generating embeddings for 119 chunks from FAS-32-Ijarah-Formatted-2021-clean-April-2023-1.json...
2025-05-09 11:29:56,997 - __main__ - INFO - Adding 119 chunks from FAS-32-Ijarah-Formatted-2021-clean-April-2023-1.json to ChromaDB...
2025-05-09 11:29:57,012 - __main__ - ERROR - Error adding chunks from FAS-32-Ijarah-Formatted-2021-clean-April-2023-1.json to ChromaDB: Expected metadata value to be a str, int, float or bool, got [] which is a list in add.
2025-05-09 11:29:57,012 - __main__ - INFO - 
--- Processing standard file: FAS-33-Investment-in-Sukuk-Shares-and-Similar-Instrutments-formatted-clean-updated-April-2023.json ---
2025-05-09 11:29:57,017 - __main__ - INFO - Generating embeddings for 66 chunks from FAS-33-Investment-in-Sukuk-Shares-and-Similar-Instrutments-formatted-clean-updated-April-2023.json...
2025-05-09 11:29:59,472 - __main__ - INFO - Adding 66 chunks from FAS-33-Investment-in-Sukuk-Shares-and-Similar-Instrutments-formatted-clean-updated-April-2023.json to ChromaDB...
2025-05-09 11:29:59,485 - __main__ - ERROR - Error adding chunks from FAS-33-Investment-in-Sukuk-Shares-and-Similar-Instrutments-formatted-clean-updated-April-2023.json to ChromaDB: Expected metadata value to be a str, int, float or bool, got [] which is a list in add.
2025-05-09 11:29:59,485 - __main__ - INFO - 
--- Processing standard file: FAS-34-Financial-Reporting-for-Sukuk-holders-Final-Clean-updated-April-2023.json ---
2025-05-09 11:29:59,487 - __main__ - INFO - Generating embeddings for 50 chunks from FAS-34-Financial-Reporting-for-Sukuk-holders-Final-Clean-updated-April-2023.json...
2025-05-09 11:30:01,650 - __main__ - INFO - Adding 50 chunks from FAS-34-Financial-Reporting-for-Sukuk-holders-Final-Clean-updated-April-2023.json to ChromaDB...
2025-05-09 11:30:01,659 - __main__ - ERROR - Error adding chunks from FAS-34-Financial-Reporting-for-Sukuk-holders-Final-Clean-updated-April-2023.json to ChromaDB: Expected metadata value to be a str, int, float or bool, got [] which is a list in add.
2025-05-09 11:30:01,660 - __main__ - INFO - 
--- Processing standard file: FAS-35-Risk-Reserve-Finalization-Formatted-2021-clean-16-Aug-2022.json ---
2025-05-09 11:30:01,661 - __main__ - INFO - Generating embeddings for 63 chunks from FAS-35-Risk-Reserve-Finalization-Formatted-2021-clean-16-Aug-2022.json...
2025-05-09 11:30:04,011 - __main__ - INFO - Adding 63 chunks from FAS-35-Risk-Reserve-Finalization-Formatted-2021-clean-16-Aug-2022.json to ChromaDB...
2025-05-09 11:30:04,020 - __main__ - ERROR - Error adding chunks from FAS-35-Risk-Reserve-Finalization-Formatted-2021-clean-16-Aug-2022.json to ChromaDB: Expected metadata value to be a str, int, float or bool, got [] which is a list in add.
2025-05-09 11:30:04,021 - __main__ - INFO - 
--- Processing standard file: FAS-36-First-Time-Adoption-of-AAOIFI-Financial-Accounting-Standards-Final-30-Nov-20-Clean.json ---
2025-05-09 11:30:04,027 - __main__ - INFO - Generating embeddings for 40 chunks from FAS-36-First-Time-Adoption-of-AAOIFI-Financial-Accounting-Standards-Final-30-Nov-20-Clean.json...
2025-05-09 11:30:05,920 - __main__ - INFO - Adding 40 chunks from FAS-36-First-Time-Adoption-of-AAOIFI-Financial-Accounting-Standards-Final-30-Nov-20-Clean.json to ChromaDB...
2025-05-09 11:30:05,927 - __main__ - ERROR - Error adding chunks from FAS-36-First-Time-Adoption-of-AAOIFI-Financial-Accounting-Standards-Final-30-Nov-20-Clean.json to ChromaDB: Expected metadata value to be a str, int, float or bool, got [] which is a list in add.
2025-05-09 11:30:05,928 - __main__ - INFO - 
--- Processing standard file: FAS-37-Financial-reporting-by-Waqf-institutions-Final-15-December-2020-v2-clean.json ---
2025-05-09 11:30:05,930 - __main__ - INFO - Generating embeddings for 87 chunks from FAS-37-Financial-reporting-by-Waqf-institutions-Final-15-December-2020-v2-clean.json...
2025-05-09 11:30:09,746 - __main__ - INFO - Adding 87 chunks from FAS-37-Financial-reporting-by-Waqf-institutions-Final-15-December-2020-v2-clean.json to ChromaDB...
2025-05-09 11:30:09,760 - __main__ - ERROR - Error adding chunks from FAS-37-Financial-reporting-by-Waqf-institutions-Final-15-December-2020-v2-clean.json to ChromaDB: Expected metadata value to be a str, int, float or bool, got [] which is a list in add.
2025-05-09 11:30:09,761 - __main__ - INFO - 
--- Processing standard file: FAS-38-Waad-Khiyar-and-Tahawwut-Final-15-December-2020-clean.json ---
2025-05-09 11:30:09,762 - __main__ - INFO - Generating embeddings for 61 chunks from FAS-38-Waad-Khiyar-and-Tahawwut-Final-15-December-2020-clean.json...
2025-05-09 11:30:11,893 - __main__ - INFO - Adding 61 chunks from FAS-38-Waad-Khiyar-and-Tahawwut-Final-15-December-2020-clean.json to ChromaDB...
2025-05-09 11:30:11,902 - __main__ - ERROR - Error adding chunks from FAS-38-Waad-Khiyar-and-Tahawwut-Final-15-December-2020-clean.json to ChromaDB: Expected metadata value to be a str, int, float or bool, got [] which is a list in add.
2025-05-09 11:30:11,903 - __main__ - INFO - 
--- Processing standard file: FAS-39-Financial-reporting-for-Zakah-clean-june-2022.json ---
2025-05-09 11:30:11,905 - __main__ - INFO - Generating embeddings for 46 chunks from FAS-39-Financial-reporting-for-Zakah-clean-june-2022.json...
2025-05-09 11:30:13,660 - __main__ - INFO - Adding 46 chunks from FAS-39-Financial-reporting-for-Zakah-clean-june-2022.json to ChromaDB...
2025-05-09 11:30:13,667 - __main__ - ERROR - Error adding chunks from FAS-39-Financial-reporting-for-Zakah-clean-june-2022.json to ChromaDB: Expected metadata value to be a str, int, float or bool, got [] which is a list in add.
2025-05-09 11:30:13,668 - __main__ - INFO - 
--- Processing standard file: FAS-40-Financial-Reporting-for-Islamic-Windows.json ---
2025-05-09 11:30:13,671 - __main__ - INFO - Generating embeddings for 48 chunks from FAS-40-Financial-Reporting-for-Islamic-Windows.json...
2025-05-09 11:30:15,486 - __main__ - INFO - Adding 48 chunks from FAS-40-Financial-Reporting-for-Islamic-Windows.json to ChromaDB...
2025-05-09 11:30:15,493 - __main__ - ERROR - Error adding chunks from FAS-40-Financial-Reporting-for-Islamic-Windows.json to ChromaDB: Expected metadata value to be a str, int, float or bool, got [] which is a list in add.
2025-05-09 11:30:15,494 - __main__ - INFO - 
--- Processing standard file: FAS-41-Interim-Financial-Reporting-v16-final-for-issuance_clean.json ---
2025-05-09 11:30:15,495 - __main__ - INFO - Generating embeddings for 43 chunks from FAS-41-Interim-Financial-Reporting-v16-final-for-issuance_clean.json...
2025-05-09 11:30:17,263 - __main__ - INFO - Adding 43 chunks from FAS-41-Interim-Financial-Reporting-v16-final-for-issuance_clean.json to ChromaDB...
2025-05-09 11:30:17,271 - __main__ - ERROR - Error adding chunks from FAS-41-Interim-Financial-Reporting-v16-final-for-issuance_clean.json to ChromaDB: Expected metadata value to be a str, int, float or bool, got [] which is a list in add.
2025-05-09 11:30:17,271 - __main__ - INFO - 
--- Processing standard file: FAS-42-Presentation-and-Disclosures-in-the-Financial-Statements-of-Takaful-Institutions-final-clean.json ---
2025-05-09 11:30:17,274 - __main__ - INFO - Generating embeddings for 76 chunks from FAS-42-Presentation-and-Disclosures-in-the-Financial-Statements-of-Takaful-Institutions-final-clean.json...
2025-05-09 11:30:20,302 - __main__ - INFO - Adding 76 chunks from FAS-42-Presentation-and-Disclosures-in-the-Financial-Statements-of-Takaful-Institutions-final-clean.json to ChromaDB...
2025-05-09 11:30:20,313 - __main__ - ERROR - Error adding chunks from FAS-42-Presentation-and-Disclosures-in-the-Financial-Statements-of-Takaful-Institutions-final-clean.json to ChromaDB: Expected metadata value to be a str, int, float or bool, got [] which is a list in add.
2025-05-09 11:30:20,315 - __main__ - INFO - 
--- Processing standard file: FAS-43-Accounting-for-Takaful-Recognition-and-Measurement_Final_clean.json ---
2025-05-09 11:30:20,319 - __main__ - INFO - Generating embeddings for 74 chunks from FAS-43-Accounting-for-Takaful-Recognition-and-Measurement_Final_clean.json...
2025-05-09 11:30:22,903 - __main__ - INFO - Adding 74 chunks from FAS-43-Accounting-for-Takaful-Recognition-and-Measurement_Final_clean.json to ChromaDB...
2025-05-09 11:30:22,913 - __main__ - ERROR - Error adding chunks from FAS-43-Accounting-for-Takaful-Recognition-and-Measurement_Final_clean.json to ChromaDB: Expected metadata value to be a str, int, float or bool, got [] which is a list in add.
2025-05-09 11:30:22,915 - __main__ - INFO - 
--- Processing standard file: FAS-44_-Determining-Control-of-Assets-and-Business-Final.json ---
2025-05-09 11:30:22,920 - __main__ - INFO - Generating embeddings for 62 chunks from FAS-44_-Determining-Control-of-Assets-and-Business-Final.json...
2025-05-09 11:30:25,483 - __main__ - INFO - Adding 62 chunks from FAS-44_-Determining-Control-of-Assets-and-Business-Final.json to ChromaDB...
2025-05-09 11:30:25,493 - __main__ - ERROR - Error adding chunks from FAS-44_-Determining-Control-of-Assets-and-Business-Final.json to ChromaDB: Expected metadata value to be a str, int, float or bool, got [] which is a list in add.
2025-05-09 11:30:25,494 - __main__ - INFO - 
--- Processing standard file: FAS-45_Quasi-equity-Including-Investment-Accounts-Final.json ---
2025-05-09 11:30:25,496 - __main__ - INFO - Generating embeddings for 60 chunks from FAS-45_Quasi-equity-Including-Investment-Accounts-Final.json...
2025-05-09 11:30:28,328 - __main__ - INFO - Adding 60 chunks from FAS-45_Quasi-equity-Including-Investment-Accounts-Final.json to ChromaDB...
2025-05-09 11:30:28,337 - __main__ - ERROR - Error adding chunks from FAS-45_Quasi-equity-Including-Investment-Accounts-Final.json to ChromaDB: Expected metadata value to be a str, int, float or bool, got [] which is a list in add.
2025-05-09 11:30:28,337 - __main__ - INFO - 
--- Processing standard file: FAS-46_Off-Balance-Sheet-Assets-Under-Management-Final.json ---
2025-05-09 11:30:28,341 - __main__ - INFO - Generating embeddings for 52 chunks from FAS-46_Off-Balance-Sheet-Assets-Under-Management-Final.json...
2025-05-09 11:30:30,527 - __main__ - INFO - Adding 52 chunks from FAS-46_Off-Balance-Sheet-Assets-Under-Management-Final.json to ChromaDB...
2025-05-09 11:30:30,536 - __main__ - ERROR - Error adding chunks from FAS-46_Off-Balance-Sheet-Assets-Under-Management-Final.json to ChromaDB: Expected metadata value to be a str, int, float or bool, got [] which is a list in add.
2025-05-09 11:30:30,537 - __main__ - INFO - 
--- Processing standard file: FAS-47_Transfer-of-Assets-between-Investment-Pools-Final.json ---
2025-05-09 11:30:30,538 - __main__ - INFO - Generating embeddings for 36 chunks from FAS-47_Transfer-of-Assets-between-Investment-Pools-Final.json...
2025-05-09 11:30:32,363 - __main__ - INFO - Adding 36 chunks from FAS-47_Transfer-of-Assets-between-Investment-Pools-Final.json to ChromaDB...
2025-05-09 11:30:32,371 - __main__ - ERROR - Error adding chunks from FAS-47_Transfer-of-Assets-between-Investment-Pools-Final.json to ChromaDB: Expected metadata value to be a str, int, float or bool, got [] which is a list in add.
2025-05-09 11:30:32,372 - __main__ - INFO - 
--- Processing standard file: Fiancial-Accounting-Standard-No.-13-Disclosure-of-Bases-for-Determining-and-Allocating-Surplus-or-Defificit-in-Islamic-Insurance-Companies.json ---
2025-05-09 11:30:32,374 - __main__ - INFO - Generating embeddings for 76 chunks from Fiancial-Accounting-Standard-No.-13-Disclosure-of-Bases-for-Determining-and-Allocating-Surplus-or-Defificit-in-Islamic-Insurance-Companies.json...
2025-05-09 11:30:35,966 - __main__ - INFO - Adding 76 chunks from Fiancial-Accounting-Standard-No.-13-Disclosure-of-Bases-for-Determining-and-Allocating-Surplus-or-Defificit-in-Islamic-Insurance-Companies.json to ChromaDB...
2025-05-09 11:30:35,976 - __main__ - ERROR - Error adding chunks from Fiancial-Accounting-Standard-No.-13-Disclosure-of-Bases-for-Determining-and-Allocating-Surplus-or-Defificit-in-Islamic-Insurance-Companies.json to ChromaDB: Expected metadata value to be a str, int, float or bool, got [] which is a list in add.
2025-05-09 11:30:35,977 - __main__ - INFO - 
--- Processing standard file: Financial-Accounting-Standard-10-Istisnaa-and-Parallel-Istisnaa.json ---
2025-05-09 11:30:35,979 - __main__ - INFO - Generating embeddings for 77 chunks from Financial-Accounting-Standard-10-Istisnaa-and-Parallel-Istisnaa.json...
2025-05-09 11:30:40,348 - __main__ - INFO - Adding 77 chunks from Financial-Accounting-Standard-10-Istisnaa-and-Parallel-Istisnaa.json to ChromaDB...
2025-05-09 11:30:40,359 - __main__ - ERROR - Error adding chunks from Financial-Accounting-Standard-10-Istisnaa-and-Parallel-Istisnaa.json to ChromaDB: Expected metadata value to be a str, int, float or bool, got [] which is a list in add.
2025-05-09 11:30:40,360 - __main__ - INFO - 
--- Processing standard file: Financial-Accounting-Standard-12-General-Presentation-and-Disclosure-in-the-Financial-Statements-of-Islamic-Insurance-Companies.json ---
2025-05-09 11:30:40,372 - __main__ - INFO - Generating embeddings for 193 chunks from Financial-Accounting-Standard-12-General-Presentation-and-Disclosure-in-the-Financial-Statements-of-Islamic-Insurance-Companies.json...
2025-05-09 11:30:46,216 - __main__ - INFO - Adding 193 chunks from Financial-Accounting-Standard-12-General-Presentation-and-Disclosure-in-the-Financial-Statements-of-Islamic-Insurance-Companies.json to ChromaDB...
2025-05-09 11:30:46,248 - __main__ - ERROR - Error adding chunks from Financial-Accounting-Standard-12-General-Presentation-and-Disclosure-in-the-Financial-Statements-of-Islamic-Insurance-Companies.json to ChromaDB: Expected metadata value to be a str, int, float or bool, got [] which is a list in add.
2025-05-09 11:30:46,255 - __main__ - INFO - 
--- Processing standard file: Financial-Accounting-Standard-14-Investment-Funds.json ---
2025-05-09 11:30:46,261 - __main__ - INFO - Generating embeddings for 126 chunks from Financial-Accounting-Standard-14-Investment-Funds.json...
2025-05-09 11:30:49,469 - __main__ - INFO - Adding 126 chunks from Financial-Accounting-Standard-14-Investment-Funds.json to ChromaDB...
2025-05-09 11:30:49,489 - __main__ - ERROR - Error adding chunks from Financial-Accounting-Standard-14-Investment-Funds.json to ChromaDB: Expected metadata value to be a str, int, float or bool, got [] which is a list in add.
2025-05-09 11:30:49,489 - __main__ - INFO - 
--- Processing standard file: Financial-Accounting-Standard-15-Provisions-and-Reserves-in-Islamic-Insurance-Companies.json ---
2025-05-09 11:30:49,491 - __main__ - INFO - Generating embeddings for 80 chunks from Financial-Accounting-Standard-15-Provisions-and-Reserves-in-Islamic-Insurance-Companies.json...
2025-05-09 11:30:51,215 - __main__ - INFO - Adding 80 chunks from Financial-Accounting-Standard-15-Provisions-and-Reserves-in-Islamic-Insurance-Companies.json to ChromaDB...
2025-05-09 11:30:51,225 - __main__ - ERROR - Error adding chunks from Financial-Accounting-Standard-15-Provisions-and-Reserves-in-Islamic-Insurance-Companies.json to ChromaDB: Expected metadata value to be a str, int, float or bool, got [] which is a list in add.
2025-05-09 11:30:51,226 - __main__ - INFO - 
--- Processing standard file: Financial-Accounting-Standard-16-Foreign-Currency-Transactions-and-Foreign-Operations.json ---
2025-05-09 11:30:51,228 - __main__ - INFO - Generating embeddings for 84 chunks from Financial-Accounting-Standard-16-Foreign-Currency-Transactions-and-Foreign-Operations.json...
2025-05-09 11:30:52,922 - __main__ - INFO - Adding 84 chunks from Financial-Accounting-Standard-16-Foreign-Currency-Transactions-and-Foreign-Operations.json to ChromaDB...
2025-05-09 11:30:52,934 - __main__ - ERROR - Error adding chunks from Financial-Accounting-Standard-16-Foreign-Currency-Transactions-and-Foreign-Operations.json to ChromaDB: Expected metadata value to be a str, int, float or bool, got [] which is a list in add.
2025-05-09 11:30:52,935 - __main__ - INFO - 
--- Processing standard file: Financial-Accounting-Standard-18-Islamic-Financial-Services-Offffered-by-Conventional-Financial-Institutions.json ---
2025-05-09 11:30:52,936 - __main__ - INFO - Generating embeddings for 55 chunks from Financial-Accounting-Standard-18-Islamic-Financial-Services-Offffered-by-Conventional-Financial-Institutions.json...
2025-05-09 11:30:55,320 - __main__ - INFO - Adding 55 chunks from Financial-Accounting-Standard-18-Islamic-Financial-Services-Offffered-by-Conventional-Financial-Institutions.json to ChromaDB...
2025-05-09 11:30:55,330 - __main__ - ERROR - Error adding chunks from Financial-Accounting-Standard-18-Islamic-Financial-Services-Offffered-by-Conventional-Financial-Institutions.json to ChromaDB: Expected metadata value to be a str, int, float or bool, got [] which is a list in add.
2025-05-09 11:30:55,334 - __main__ - INFO - 
--- Processing standard file: Financial-Accounting-Standard-19-Contributions-in-Islamic-Insurance-Companies.json ---
2025-05-09 11:30:55,338 - __main__ - INFO - Generating embeddings for 62 chunks from Financial-Accounting-Standard-19-Contributions-in-Islamic-Insurance-Companies.json...
2025-05-09 11:30:58,430 - __main__ - INFO - Adding 62 chunks from Financial-Accounting-Standard-19-Contributions-in-Islamic-Insurance-Companies.json to ChromaDB...
2025-05-09 11:30:58,441 - __main__ - ERROR - Error adding chunks from Financial-Accounting-Standard-19-Contributions-in-Islamic-Insurance-Companies.json to ChromaDB: Expected metadata value to be a str, int, float or bool, got [] which is a list in add.
2025-05-09 11:30:58,442 - __main__ - INFO - 
--- Processing standard file: Financial-Accounting-Standard-21-Disclosure-on-Transfer-of-Assets.json ---
2025-05-09 11:30:58,445 - __main__ - INFO - Generating embeddings for 54 chunks from Financial-Accounting-Standard-21-Disclosure-on-Transfer-of-Assets.json...
2025-05-09 11:31:00,622 - __main__ - INFO - Adding 54 chunks from Financial-Accounting-Standard-21-Disclosure-on-Transfer-of-Assets.json to ChromaDB...
2025-05-09 11:31:00,631 - __main__ - ERROR - Error adding chunks from Financial-Accounting-Standard-21-Disclosure-on-Transfer-of-Assets.json to ChromaDB: Expected metadata value to be a str, int, float or bool, got [] which is a list in add.
2025-05-09 11:31:00,632 - __main__ - INFO - 
--- Processing standard file: Financial-Accounting-Standard-22-Segment-Reporting.json ---
2025-05-09 11:31:00,640 - __main__ - INFO - Generating embeddings for 70 chunks from Financial-Accounting-Standard-22-Segment-Reporting.json...
2025-05-09 11:31:03,974 - __main__ - INFO - Adding 70 chunks from Financial-Accounting-Standard-22-Segment-Reporting.json to ChromaDB...
2025-05-09 11:31:03,985 - __main__ - ERROR - Error adding chunks from Financial-Accounting-Standard-22-Segment-Reporting.json to ChromaDB: Expected metadata value to be a str, int, float or bool, got [] which is a list in add.
2025-05-09 11:31:03,985 - __main__ - INFO - 
--- Processing standard file: Financial-Accounting-Standard-23-Consolidation.json ---
2025-05-09 11:31:03,987 - __main__ - INFO - Generating embeddings for 60 chunks from Financial-Accounting-Standard-23-Consolidation.json...
2025-05-09 11:31:06,349 - __main__ - INFO - Adding 60 chunks from Financial-Accounting-Standard-23-Consolidation.json to ChromaDB...
2025-05-09 11:31:06,359 - __main__ - ERROR - Error adding chunks from Financial-Accounting-Standard-23-Consolidation.json to ChromaDB: Expected metadata value to be a str, int, float or bool, got [] which is a list in add.
2025-05-09 11:31:06,360 - __main__ - INFO - 
--- Processing standard file: Financial-Accounting-Standard-24-Investments-in-Associates.json ---
2025-05-09 11:31:06,362 - __main__ - INFO - Generating embeddings for 61 chunks from Financial-Accounting-Standard-24-Investments-in-Associates.json...
2025-05-09 11:31:08,642 - __main__ - INFO - Adding 61 chunks from Financial-Accounting-Standard-24-Investments-in-Associates.json to ChromaDB...
2025-05-09 11:31:08,655 - __main__ - ERROR - Error adding chunks from Financial-Accounting-Standard-24-Investments-in-Associates.json to ChromaDB: Expected metadata value to be a str, int, float or bool, got [] which is a list in add.
2025-05-09 11:31:08,655 - __main__ - INFO - 
--- Processing standard file: Financial-Accounting-Standard-25-Investment-in-Sukuk-Shares-and-Similar-Instruments.json ---
2025-05-09 11:31:08,659 - __main__ - INFO - Generating embeddings for 86 chunks from Financial-Accounting-Standard-25-Investment-in-Sukuk-Shares-and-Similar-Instruments.json...
2025-05-09 11:31:11,654 - __main__ - INFO - Adding 86 chunks from Financial-Accounting-Standard-25-Investment-in-Sukuk-Shares-and-Similar-Instruments.json to ChromaDB...
2025-05-09 11:31:11,668 - __main__ - ERROR - Error adding chunks from Financial-Accounting-Standard-25-Investment-in-Sukuk-Shares-and-Similar-Instruments.json to ChromaDB: Expected metadata value to be a str, int, float or bool, got [] which is a list in add.
2025-05-09 11:31:11,669 - __main__ - INFO - 
--- Processing standard file: Financial-Accounting-Standard-26-Investment-in-Real-Estate.json ---
2025-05-09 11:31:11,672 - __main__ - INFO - Generating embeddings for 128 chunks from Financial-Accounting-Standard-26-Investment-in-Real-Estate.json...
2025-05-09 11:31:16,404 - __main__ - INFO - Adding 128 chunks from Financial-Accounting-Standard-26-Investment-in-Real-Estate.json to ChromaDB...
2025-05-09 11:31:16,422 - __main__ - ERROR - Error adding chunks from Financial-Accounting-Standard-26-Investment-in-Real-Estate.json to ChromaDB: Expected metadata value to be a str, int, float or bool, got [] which is a list in add.
2025-05-09 11:31:16,426 - __main__ - INFO - 
--- Processing standard file: Financial-Accounting-Standard-27-Investment-accounts.json ---
2025-05-09 11:31:16,429 - __main__ - INFO - Generating embeddings for 73 chunks from Financial-Accounting-Standard-27-Investment-accounts.json...
2025-05-09 11:31:19,610 - __main__ - INFO - Adding 73 chunks from Financial-Accounting-Standard-27-Investment-accounts.json to ChromaDB...
2025-05-09 11:31:19,620 - __main__ - ERROR - Error adding chunks from Financial-Accounting-Standard-27-Investment-accounts.json to ChromaDB: Expected metadata value to be a str, int, float or bool, got [] which is a list in add.
2025-05-09 11:31:19,620 - __main__ - INFO - 
--- Processing standard file: Financial-Accounting-Standard-3-Mudaraba-Financing.json ---
2025-05-09 11:31:19,625 - __main__ - INFO - Generating embeddings for 108 chunks from Financial-Accounting-Standard-3-Mudaraba-Financing.json...
2025-05-09 11:31:23,533 - __main__ - INFO - Adding 108 chunks from Financial-Accounting-Standard-3-Mudaraba-Financing.json to ChromaDB...
2025-05-09 11:31:23,546 - __main__ - ERROR - Error adding chunks from Financial-Accounting-Standard-3-Mudaraba-Financing.json to ChromaDB: Expected metadata value to be a str, int, float or bool, got [] which is a list in add.
2025-05-09 11:31:23,547 - __main__ - INFO - 
--- Processing standard file: Financial-Accounting-Standard-4-Musharaka-Financing.json ---
2025-05-09 11:31:23,551 - __main__ - INFO - Generating embeddings for 79 chunks from Financial-Accounting-Standard-4-Musharaka-Financing.json...
2025-05-09 11:31:26,794 - __main__ - INFO - Adding 79 chunks from Financial-Accounting-Standard-4-Musharaka-Financing.json to ChromaDB...
2025-05-09 11:31:26,808 - __main__ - ERROR - Error adding chunks from Financial-Accounting-Standard-4-Musharaka-Financing.json to ChromaDB: Expected metadata value to be a str, int, float or bool, got [] which is a list in add.
2025-05-09 11:31:26,809 - __main__ - INFO - 
--- Processing standard file: Financial-Accounting-Standard-7-Salam-and-Parallel-Salam.json ---
2025-05-09 11:31:26,811 - __main__ - INFO - Generating embeddings for 97 chunks from Financial-Accounting-Standard-7-Salam-and-Parallel-Salam.json...
2025-05-09 11:31:31,791 - __main__ - INFO - Adding 97 chunks from Financial-Accounting-Standard-7-Salam-and-Parallel-Salam.json to ChromaDB...
2025-05-09 11:31:31,827 - __main__ - ERROR - Error adding chunks from Financial-Accounting-Standard-7-Salam-and-Parallel-Salam.json to ChromaDB: Expected metadata value to be a str, int, float or bool, got [] which is a list in add.
2025-05-09 11:31:31,828 - __main__ - INFO - 
--- Processing standard file: Financial-Accounting-Standard-9-Zakah.json ---
2025-05-09 11:31:31,830 - __main__ - INFO - Generating embeddings for 50 chunks from Financial-Accounting-Standard-9-Zakah.json...
2025-05-09 11:31:33,731 - __main__ - INFO - Adding 50 chunks from Financial-Accounting-Standard-9-Zakah.json to ChromaDB...
2025-05-09 11:31:33,738 - __main__ - ERROR - Error adding chunks from Financial-Accounting-Standard-9-Zakah.json to ChromaDB: Expected metadata value to be a str, int, float or bool, got [] which is a list in add.
2025-05-09 11:31:33,739 - __main__ - INFO - 
--- Processing standard file: Research-papers-1.json ---
2025-05-09 11:31:33,741 - __main__ - INFO - Generating embeddings for 35 chunks from Research-papers-1.json...
2025-05-09 11:31:35,692 - __main__ - INFO - Adding 35 chunks from Research-papers-1.json to ChromaDB...
2025-05-09 11:31:35,700 - __main__ - ERROR - Error adding chunks from Research-papers-1.json to ChromaDB: Expected metadata value to be a str, int, float or bool, got [] which is a list in add.
2025-05-09 11:31:35,701 - __main__ - INFO - 
--- Processing standard file: Research-papers-new.json ---
2025-05-09 11:31:35,726 - __main__ - INFO - Generating embeddings for 212 chunks from Research-papers-new.json...
2025-05-09 11:31:46,704 - __main__ - INFO - Adding 212 chunks from Research-papers-new.json to ChromaDB...
2025-05-09 11:31:46,735 - __main__ - ERROR - Error adding chunks from Research-papers-new.json to ChromaDB: Expected metadata value to be a str, int, float or bool, got [] which is a list in add.
2025-05-09 11:31:46,740 - __main__ - INFO - 
--- Ingestion Summary ---
2025-05-09 11:31:46,741 - __main__ - INFO - Processed 49 JSON files.
2025-05-09 11:31:46,742 - __main__ - INFO - Total chunks added to ChromaDB collection 'aaoifi_standards_direct': 0
2025-05-09 11:31:46,744 - __main__ - INFO - Total documents now in collection 'aaoifi_standards_direct': 0
2025-05-09 11:31:46,746 - __main__ - INFO - Data loading into ChromaDB was successful (or collection already populated).
2025-05-09 11:31:46,747 - __main__ - INFO - 
--- Example Query ---
2025-05-09 11:31:46,918 - sentence_transformers.SentenceTransformer - INFO - Use pytorch device_name: cpu
2025-05-09 11:31:46,918 - sentence_transformers.SentenceTransformer - INFO - Load pretrained SentenceTransformer: all-MiniLM-L6-v2
